TN:
SF:api\generate-questions.js
FN:63,(anonymous_0)
FN:112,(anonymous_1)
FN:144,(anonymous_2)
FN:154,(anonymous_3)
FNF:4
FNH:4
FNDA:17,(anonymous_0)
FNDA:264,(anonymous_1)
FNDA:4,(anonymous_2)
FNDA:6,(anonymous_3)
DA:7,1
DA:63,1
DA:65,17
DA:66,17
DA:67,17
DA:70,17
DA:71,3
DA:75,14
DA:76,2
DA:77,2
DA:78,2
DA:79,2
DA:84,1
DA:85,1
DA:87,1
DA:89,2
DA:92,12
DA:93,2
DA:96,10
DA:97,10
DA:99,10
DA:100,2
DA:104,8
DA:105,8
DA:112,264
DA:113,8
DA:114,1
DA:117,7
DA:118,7
DA:119,1
DA:122,6
DA:133,5
DA:135,5
DA:136,1
DA:142,4
DA:144,4
DA:145,4
DA:146,1
DA:149,3
DA:153,3
DA:154,3
DA:155,6
DA:156,3
DA:158,3
DA:162,3
DA:165,1
LF:46
LH:46
BRDA:65,0,0,17
BRDA:65,0,1,16
BRDA:70,1,0,3
BRDA:70,1,1,14
BRDA:75,2,0,2
BRDA:75,2,1,12
BRDA:76,3,0,2
BRDA:76,3,1,1
BRDA:92,4,0,2
BRDA:92,4,1,10
BRDA:99,5,0,2
BRDA:99,5,1,8
BRDA:99,6,0,10
BRDA:99,6,1,9
BRDA:113,7,0,1
BRDA:113,7,1,7
BRDA:118,8,0,1
BRDA:118,8,1,6
BRDA:135,9,0,1
BRDA:135,9,1,4
BRDA:137,10,0,1
BRDA:137,10,1,0
BRDA:138,11,0,1
BRDA:138,11,1,0
BRDA:144,12,0,3
BRDA:144,12,1,1
BRDA:144,13,0,4
BRDA:144,13,1,3
BRDA:145,14,0,1
BRDA:145,14,1,3
BRDA:153,15,0,3
BRDA:153,15,1,0
BRDA:155,16,0,3
BRDA:155,16,1,3
BRDA:155,17,0,6
BRDA:155,17,1,3
BRDA:155,17,2,3
BRF:37
BRH:34
end_of_record
TN:
SF:api\generate-trap.js
FN:44,(anonymous_0)
FN:62,(anonymous_1)
FN:100,(anonymous_2)
FNF:3
FNH:3
FNDA:15,(anonymous_0)
FNDA:14,(anonymous_1)
FNDA:5,(anonymous_2)
DA:10,1
DA:44,1
DA:45,15
DA:46,15
DA:47,15
DA:48,15
DA:49,12
DA:51,10
DA:52,10
DA:54,10
DA:55,2
DA:58,8
DA:59,8
DA:61,7
DA:62,14
DA:65,7
DA:77,7
DA:94,6
DA:95,6
DA:96,1
DA:99,5
DA:100,5
DA:101,5
DA:107,4
DA:108,4
DA:111,1
LF:26
LH:26
BRDA:45,0,0,15
BRDA:45,0,1,14
BRDA:48,1,0,3
BRDA:48,1,1,12
BRDA:49,2,0,2
BRDA:49,2,1,10
BRDA:54,3,0,2
BRDA:54,3,1,8
BRDA:54,4,0,10
BRDA:54,4,1,9
BRDA:59,5,0,1
BRDA:59,5,1,7
BRDA:65,6,0,7
BRDA:65,6,1,1
BRDA:68,7,0,5
BRDA:68,7,1,2
BRDA:70,8,0,7
BRDA:70,8,1,2
BRDA:95,9,0,1
BRDA:95,9,1,5
BRDA:96,10,0,1
BRDA:96,10,1,0
BRDA:100,11,0,4
BRDA:100,11,1,1
BRDA:100,12,0,5
BRDA:100,12,1,4
BRDA:101,13,0,1
BRDA:101,13,1,4
BRF:28
BRH:27
end_of_record
TN:
SF:api\score-interview.js
FN:151,(anonymous_0)
FN:205,(anonymous_1)
FN:214,(anonymous_2)
FN:248,(anonymous_3)
FNF:4
FNH:3
FNDA:20,(anonymous_0)
FNDA:8,(anonymous_1)
FNDA:0,(anonymous_2)
FNDA:8,(anonymous_3)
DA:7,1
DA:151,1
DA:152,20
DA:153,20
DA:154,20
DA:155,20
DA:156,20
DA:157,17
DA:159,15
DA:160,15
DA:162,15
DA:163,2
DA:167,13
DA:168,13
DA:169,2
DA:182,11
DA:183,11
DA:186,10
DA:187,10
DA:192,10
DA:193,10
DA:197,10
DA:205,8
DA:214,0
DA:225,10
DA:242,9
DA:243,9
DA:244,1
DA:247,8
DA:248,8
DA:249,8
DA:251,7
DA:252,7
DA:255,1
DA:256,1
LF:35
LH:34
BRDA:152,0,0,20
BRDA:152,0,1,19
BRDA:156,1,0,3
BRDA:156,1,1,17
BRDA:157,2,0,2
BRDA:157,2,1,15
BRDA:162,3,0,2
BRDA:162,3,1,13
BRDA:162,4,0,15
BRDA:162,4,1,14
BRDA:168,5,0,2
BRDA:168,5,1,11
BRDA:168,6,0,13
BRDA:168,6,1,11
BRDA:183,7,0,1
BRDA:183,7,1,10
BRDA:187,8,0,1
BRDA:187,8,1,9
BRDA:192,9,0,10
BRDA:192,9,1,1
BRDA:193,10,0,1
BRDA:193,10,1,9
BRDA:195,11,0,9
BRDA:195,11,1,1
BRDA:198,12,0,10
BRDA:198,12,1,1
BRDA:199,13,0,10
BRDA:199,13,1,1
BRDA:200,14,0,10
BRDA:200,14,1,1
BRDA:201,15,0,10
BRDA:201,15,1,1
BRDA:202,16,0,10
BRDA:202,16,1,1
BRDA:205,17,0,8
BRDA:205,17,1,2
BRDA:208,18,0,10
BRDA:208,18,1,1
BRDA:211,19,0,10
BRDA:211,19,1,2
BRDA:212,20,0,8
BRDA:212,20,1,2
BRDA:213,21,0,10
BRDA:213,21,1,2
BRDA:213,22,0,10
BRDA:213,22,1,2
BRDA:214,23,0,0
BRDA:214,23,1,10
BRDA:215,24,0,10
BRDA:215,24,1,10
BRDA:215,25,0,10
BRDA:215,25,1,10
BRDA:216,26,0,0
BRDA:216,26,1,10
BRDA:222,27,0,10
BRDA:222,27,1,10
BRDA:243,28,0,1
BRDA:243,28,1,8
BRDA:244,29,0,1
BRDA:244,29,1,0
BRDA:248,30,0,7
BRDA:248,30,1,1
BRDA:248,31,0,8
BRDA:248,31,1,7
BRDA:249,32,0,1
BRDA:249,32,1,7
BRF:66
BRH:63
end_of_record
TN:
SF:api\score-turn.js
FN:51,(anonymous_0)
FN:104,(anonymous_1)
FNF:2
FNH:2
FNDA:18,(anonymous_0)
FNDA:7,(anonymous_1)
DA:9,1
DA:51,1
DA:52,18
DA:53,18
DA:54,18
DA:55,18
DA:56,15
DA:58,13
DA:59,13
DA:61,13
DA:62,3
DA:65,10
DA:66,10
DA:69,9
DA:70,9
DA:71,8
DA:72,8
DA:73,8
DA:75,9
DA:76,7
DA:79,9
DA:81,9
DA:98,8
DA:99,8
DA:100,1
DA:103,7
DA:104,7
DA:105,7
DA:107,6
DA:108,6
DA:111,1
LF:31
LH:31
BRDA:52,0,0,18
BRDA:52,0,1,17
BRDA:55,1,0,3
BRDA:55,1,1,15
BRDA:56,2,0,2
BRDA:56,2,1,13
BRDA:61,3,0,3
BRDA:61,3,1,10
BRDA:61,4,0,13
BRDA:61,4,1,12
BRDA:66,5,0,1
BRDA:66,5,1,9
BRDA:70,6,0,8
BRDA:70,6,1,1
BRDA:70,7,0,9
BRDA:70,7,1,1
BRDA:71,8,0,8
BRDA:71,8,1,0
BRDA:72,9,0,8
BRDA:72,9,1,0
BRDA:73,10,0,8
BRDA:73,10,1,0
BRDA:73,11,0,8
BRDA:73,11,1,0
BRDA:75,12,0,7
BRDA:75,12,1,2
BRDA:75,13,0,9
BRDA:75,13,1,8
BRDA:79,14,0,9
BRDA:79,14,1,1
BRDA:99,15,0,1
BRDA:99,15,1,7
BRDA:100,16,0,1
BRDA:100,16,1,0
BRDA:104,17,0,6
BRDA:104,17,1,1
BRDA:104,18,0,7
BRDA:104,18,1,6
BRDA:105,19,0,1
BRDA:105,19,1,6
BRF:40
BRH:35
end_of_record
TN:
SF:api\signal.js
FN:19,getOrCreate
FN:28,(anonymous_1)
FN:33,(anonymous_2)
FNF:3
FNH:2
FNDA:516,getOrCreate
FNDA:0,(anonymous_1)
FNDA:529,(anonymous_2)
DA:17,24
DA:20,516
DA:21,10
DA:28,10
DA:30,516
DA:33,24
DA:34,529
DA:35,529
DA:36,529
DA:37,529
DA:39,526
DA:40,526
DA:43,524
DA:44,516
DA:45,516
DA:47,516
DA:48,4
DA:49,4
DA:50,4
DA:51,4
DA:53,4
DA:55,512
DA:56,510
DA:57,510
DA:59,2
DA:60,2
DA:63,516
DA:67,8
DA:68,6
DA:69,6
DA:70,6
DA:79,6
DA:81,6
DA:92,2
LF:34
LH:34
BRDA:20,0,0,10
BRDA:20,0,1,506
BRDA:34,1,0,529
BRDA:34,1,1,528
BRDA:37,2,0,3
BRDA:37,2,1,526
BRDA:39,3,0,517
BRDA:39,3,1,9
BRDA:40,4,0,2
BRDA:40,4,1,524
BRDA:43,5,0,516
BRDA:43,5,1,8
BRDA:47,6,0,4
BRDA:47,6,1,512
BRDA:47,7,0,516
BRDA:47,7,1,4
BRDA:50,8,0,2
BRDA:50,8,1,2
BRDA:51,9,0,2
BRDA:51,9,1,2
BRDA:53,10,0,1
BRDA:53,10,1,3
BRDA:55,11,0,510
BRDA:55,11,1,2
BRDA:55,12,0,512
BRDA:55,12,1,511
BRDA:55,12,2,511
BRDA:57,13,0,2
BRDA:57,13,1,508
BRDA:59,14,0,2
BRDA:59,14,1,0
BRDA:67,15,0,6
BRDA:67,15,1,2
BRDA:68,16,0,6
BRDA:68,16,1,1
BRDA:69,17,0,6
BRDA:69,17,1,3
BRDA:70,18,0,6
BRDA:70,18,1,1
BRDA:85,19,0,6
BRDA:85,19,1,4
BRDA:86,20,0,6
BRDA:86,20,1,4
BRDA:87,21,0,6
BRDA:87,21,1,5
BRDA:88,22,0,6
BRDA:88,22,1,5
BRF:47
BRH:46
end_of_record
